The system is: Linux - 3.10.82-8-ARCH - armv7l
Compiling the C compiler identification source file "CMakeCCompilerId.c" succeeded.
Compiler: /usr/bin/cc 
Build flags: 
Id flags: 

The output was:
0


Compilation of the C compiler identification source "CMakeCCompilerId.c" produced "a.out"

The C compiler identification is GNU, found in "/home/cvproject/NestCAM/modules/vision/build/CMakeFiles/3.3.2/CompilerIdC/a.out"

Compiling the CXX compiler identification source file "CMakeCXXCompilerId.cpp" succeeded.
Compiler: /usr/bin/c++ 
Build flags: 
Id flags: 

The output was:
0


Compilation of the CXX compiler identification source "CMakeCXXCompilerId.cpp" produced "a.out"

The CXX compiler identification is GNU, found in "/home/cvproject/NestCAM/modules/vision/build/CMakeFiles/3.3.2/CompilerIdCXX/a.out"

Determining if the C compiler works passed with the following output:
Change Dir: /home/cvproject/NestCAM/modules/vision/build/CMakeFiles/CMakeTmp

Run Build Command:"/usr/bin/make" "cmTC_eccc1/fast"
/usr/bin/make -f CMakeFiles/cmTC_eccc1.dir/build.make CMakeFiles/cmTC_eccc1.dir/build
make[1]: Entering directory '/home/cvproject/NestCAM/modules/vision/build/CMakeFiles/CMakeTmp'
Building C object CMakeFiles/cmTC_eccc1.dir/testCCompiler.c.o
/usr/bin/cc    -o CMakeFiles/cmTC_eccc1.dir/testCCompiler.c.o   -c /home/cvproject/NestCAM/modules/vision/build/CMakeFiles/CMakeTmp/testCCompiler.c
Linking C executable cmTC_eccc1
/usr/bin/cmake -E cmake_link_script CMakeFiles/cmTC_eccc1.dir/link.txt --verbose=1
/usr/bin/cc       CMakeFiles/cmTC_eccc1.dir/testCCompiler.c.o  -o cmTC_eccc1 -rdynamic 
make[1]: Leaving directory '/home/cvproject/NestCAM/modules/vision/build/CMakeFiles/CMakeTmp'


Detecting C compiler ABI info compiled with the following output:
Change Dir: /home/cvproject/NestCAM/modules/vision/build/CMakeFiles/CMakeTmp

Run Build Command:"/usr/bin/make" "cmTC_eafaf/fast"
/usr/bin/make -f CMakeFiles/cmTC_eafaf.dir/build.make CMakeFiles/cmTC_eafaf.dir/build
make[1]: Entering directory '/home/cvproject/NestCAM/modules/vision/build/CMakeFiles/CMakeTmp'
Building C object CMakeFiles/cmTC_eafaf.dir/CMakeCCompilerABI.c.o
/usr/bin/cc    -o CMakeFiles/cmTC_eafaf.dir/CMakeCCompilerABI.c.o   -c /usr/share/cmake-3.3/Modules/CMakeCCompilerABI.c
Linking C executable cmTC_eafaf
/usr/bin/cmake -E cmake_link_script CMakeFiles/cmTC_eafaf.dir/link.txt --verbose=1
/usr/bin/cc      -v CMakeFiles/cmTC_eafaf.dir/CMakeCCompilerABI.c.o  -o cmTC_eafaf -rdynamic  
Using built-in specs.
COLLECT_GCC=/usr/bin/cc
COLLECT_LTO_WRAPPER=/usr/lib/gcc/armv7l-unknown-linux-gnueabihf/5.2.0/lto-wrapper
Target: armv7l-unknown-linux-gnueabihf
Configured with: /build/gcc/src/gcc-5.2.0/configure --prefix=/usr --libdir=/usr/lib --libexecdir=/usr/lib --mandir=/usr/share/man --infodir=/usr/share/info --with-bugurl=https://github.com/archlinuxarm/PKGBUILDs/issues --enable-languages=c,c++,fortran,go,lto,objc,obj-c++ --enable-shared --enable-threads=posix --with-system-zlib --with-isl --enable-__cxa_atexit --disable-libunwind-exceptions --enable-clocale=gnu --disable-libstdcxx-pch --disable-libssp --enable-gnu-unique-object --enable-linker-build-id --enable-lto --enable-plugin --enable-install-libiberty --with-linker-hash-style=gnu --enable-gnu-indirect-function --disable-multilib --disable-werror --enable-checking=release --with-default-libstdcxx-abi=gcc4-compatible --host=armv7l-unknown-linux-gnueabihf --build=armv7l-unknown-linux-gnueabihf --with-arch=armv7-a --with-float=hard --with-fpu=vfpv3-d16
Thread model: posix
gcc version 5.2.0 (GCC) 
COMPILER_PATH=/usr/lib/gcc/armv7l-unknown-linux-gnueabihf/5.2.0/:/usr/lib/gcc/armv7l-unknown-linux-gnueabihf/5.2.0/:/usr/lib/gcc/armv7l-unknown-linux-gnueabihf/:/usr/lib/gcc/armv7l-unknown-linux-gnueabihf/5.2.0/:/usr/lib/gcc/armv7l-unknown-linux-gnueabihf/
LIBRARY_PATH=/usr/lib/gcc/armv7l-unknown-linux-gnueabihf/5.2.0/:/usr/lib/gcc/armv7l-unknown-linux-gnueabihf/5.2.0/../../../:/lib/:/usr/lib/
COLLECT_GCC_OPTIONS='-v' '-o' 'cmTC_eafaf' '-rdynamic' '-march=armv7-a' '-mfloat-abi=hard' '-mfpu=vfpv3-d16' '-mtls-dialect=gnu'
 /usr/lib/gcc/armv7l-unknown-linux-gnueabihf/5.2.0/collect2 -plugin /usr/lib/gcc/armv7l-unknown-linux-gnueabihf/5.2.0/liblto_plugin.so -plugin-opt=/usr/lib/gcc/armv7l-unknown-linux-gnueabihf/5.2.0/lto-wrapper -plugin-opt=-fresolution=/tmp/ccYtRwD9.res -plugin-opt=-pass-through=-lgcc -plugin-opt=-pass-through=-lgcc_s -plugin-opt=-pass-through=-lc -plugin-opt=-pass-through=-lgcc -plugin-opt=-pass-through=-lgcc_s --build-id --eh-frame-hdr --hash-style=gnu -export-dynamic -dynamic-linker /lib/ld-linux-armhf.so.3 -X -m armelf_linux_eabi -o cmTC_eafaf /usr/lib/gcc/armv7l-unknown-linux-gnueabihf/5.2.0/../../../crt1.o /usr/lib/gcc/armv7l-unknown-linux-gnueabihf/5.2.0/../../../crti.o /usr/lib/gcc/armv7l-unknown-linux-gnueabihf/5.2.0/crtbegin.o -L/usr/lib/gcc/armv7l-unknown-linux-gnueabihf/5.2.0 -L/usr/lib/gcc/armv7l-unknown-linux-gnueabihf/5.2.0/../../.. CMakeFiles/cmTC_eafaf.dir/CMakeCCompilerABI.c.o -lgcc --as-needed -lgcc_s --no-as-needed -lc -lgcc --as-needed -lgcc_s --no-as-needed /usr/lib/gcc/armv7l-unknown-linux-gnueabihf/5.2.0/crtend.o /usr/lib/gcc/armv7l-unknown-linux-gnueabihf/5.2.0/../../../crtn.o
make[1]: Leaving directory '/home/cvproject/NestCAM/modules/vision/build/CMakeFiles/CMakeTmp'


Parsed C implicit link information from above output:
  link line regex: [^( *|.*[/\])(ld|([^/\]+-)?ld|collect2)[^/\]*( |$)]
  ignore line: [Change Dir: /home/cvproject/NestCAM/modules/vision/build/CMakeFiles/CMakeTmp]
  ignore line: []
  ignore line: [Run Build Command:"/usr/bin/make" "cmTC_eafaf/fast"]
  ignore line: [/usr/bin/make -f CMakeFiles/cmTC_eafaf.dir/build.make CMakeFiles/cmTC_eafaf.dir/build]
  ignore line: [make[1]: Entering directory '/home/cvproject/NestCAM/modules/vision/build/CMakeFiles/CMakeTmp']
  ignore line: [Building C object CMakeFiles/cmTC_eafaf.dir/CMakeCCompilerABI.c.o]
  ignore line: [/usr/bin/cc    -o CMakeFiles/cmTC_eafaf.dir/CMakeCCompilerABI.c.o   -c /usr/share/cmake-3.3/Modules/CMakeCCompilerABI.c]
  ignore line: [Linking C executable cmTC_eafaf]
  ignore line: [/usr/bin/cmake -E cmake_link_script CMakeFiles/cmTC_eafaf.dir/link.txt --verbose=1]
  ignore line: [/usr/bin/cc      -v CMakeFiles/cmTC_eafaf.dir/CMakeCCompilerABI.c.o  -o cmTC_eafaf -rdynamic  ]
  ignore line: [Using built-in specs.]
  ignore line: [COLLECT_GCC=/usr/bin/cc]
  ignore line: [COLLECT_LTO_WRAPPER=/usr/lib/gcc/armv7l-unknown-linux-gnueabihf/5.2.0/lto-wrapper]
  ignore line: [Target: armv7l-unknown-linux-gnueabihf]
  ignore line: [Configured with: /build/gcc/src/gcc-5.2.0/configure --prefix=/usr --libdir=/usr/lib --libexecdir=/usr/lib --mandir=/usr/share/man --infodir=/usr/share/info --with-bugurl=https://github.com/archlinuxarm/PKGBUILDs/issues --enable-languages=c,c++,fortran,go,lto,objc,obj-c++ --enable-shared --enable-threads=posix --with-system-zlib --with-isl --enable-__cxa_atexit --disable-libunwind-exceptions --enable-clocale=gnu --disable-libstdcxx-pch --disable-libssp --enable-gnu-unique-object --enable-linker-build-id --enable-lto --enable-plugin --enable-install-libiberty --with-linker-hash-style=gnu --enable-gnu-indirect-function --disable-multilib --disable-werror --enable-checking=release --with-default-libstdcxx-abi=gcc4-compatible --host=armv7l-unknown-linux-gnueabihf --build=armv7l-unknown-linux-gnueabihf --with-arch=armv7-a --with-float=hard --with-fpu=vfpv3-d16]
  ignore line: [Thread model: posix]
  ignore line: [gcc version 5.2.0 (GCC) ]
  ignore line: [COMPILER_PATH=/usr/lib/gcc/armv7l-unknown-linux-gnueabihf/5.2.0/:/usr/lib/gcc/armv7l-unknown-linux-gnueabihf/5.2.0/:/usr/lib/gcc/armv7l-unknown-linux-gnueabihf/:/usr/lib/gcc/armv7l-unknown-linux-gnueabihf/5.2.0/:/usr/lib/gcc/armv7l-unknown-linux-gnueabihf/]
  ignore line: [LIBRARY_PATH=/usr/lib/gcc/armv7l-unknown-linux-gnueabihf/5.2.0/:/usr/lib/gcc/armv7l-unknown-linux-gnueabihf/5.2.0/../../../:/lib/:/usr/lib/]
  ignore line: [COLLECT_GCC_OPTIONS='-v' '-o' 'cmTC_eafaf' '-rdynamic' '-march=armv7-a' '-mfloat-abi=hard' '-mfpu=vfpv3-d16' '-mtls-dialect=gnu']
  link line: [ /usr/lib/gcc/armv7l-unknown-linux-gnueabihf/5.2.0/collect2 -plugin /usr/lib/gcc/armv7l-unknown-linux-gnueabihf/5.2.0/liblto_plugin.so -plugin-opt=/usr/lib/gcc/armv7l-unknown-linux-gnueabihf/5.2.0/lto-wrapper -plugin-opt=-fresolution=/tmp/ccYtRwD9.res -plugin-opt=-pass-through=-lgcc -plugin-opt=-pass-through=-lgcc_s -plugin-opt=-pass-through=-lc -plugin-opt=-pass-through=-lgcc -plugin-opt=-pass-through=-lgcc_s --build-id --eh-frame-hdr --hash-style=gnu -export-dynamic -dynamic-linker /lib/ld-linux-armhf.so.3 -X -m armelf_linux_eabi -o cmTC_eafaf /usr/lib/gcc/armv7l-unknown-linux-gnueabihf/5.2.0/../../../crt1.o /usr/lib/gcc/armv7l-unknown-linux-gnueabihf/5.2.0/../../../crti.o /usr/lib/gcc/armv7l-unknown-linux-gnueabihf/5.2.0/crtbegin.o -L/usr/lib/gcc/armv7l-unknown-linux-gnueabihf/5.2.0 -L/usr/lib/gcc/armv7l-unknown-linux-gnueabihf/5.2.0/../../.. CMakeFiles/cmTC_eafaf.dir/CMakeCCompilerABI.c.o -lgcc --as-needed -lgcc_s --no-as-needed -lc -lgcc --as-needed -lgcc_s --no-as-needed /usr/lib/gcc/armv7l-unknown-linux-gnueabihf/5.2.0/crtend.o /usr/lib/gcc/armv7l-unknown-linux-gnueabihf/5.2.0/../../../crtn.o]
    arg [/usr/lib/gcc/armv7l-unknown-linux-gnueabihf/5.2.0/collect2] ==> ignore
    arg [-plugin] ==> ignore
    arg [/usr/lib/gcc/armv7l-unknown-linux-gnueabihf/5.2.0/liblto_plugin.so] ==> ignore
    arg [-plugin-opt=/usr/lib/gcc/armv7l-unknown-linux-gnueabihf/5.2.0/lto-wrapper] ==> ignore
    arg [-plugin-opt=-fresolution=/tmp/ccYtRwD9.res] ==> ignore
    arg [-plugin-opt=-pass-through=-lgcc] ==> ignore
    arg [-plugin-opt=-pass-through=-lgcc_s] ==> ignore
    arg [-plugin-opt=-pass-through=-lc] ==> ignore
    arg [-plugin-opt=-pass-through=-lgcc] ==> ignore
    arg [-plugin-opt=-pass-through=-lgcc_s] ==> ignore
    arg [--build-id] ==> ignore
    arg [--eh-frame-hdr] ==> ignore
    arg [--hash-style=gnu] ==> ignore
    arg [-export-dynamic] ==> ignore
    arg [-dynamic-linker] ==> ignore
    arg [/lib/ld-linux-armhf.so.3] ==> ignore
    arg [-X] ==> ignore
    arg [-m] ==> ignore
    arg [armelf_linux_eabi] ==> ignore
    arg [-o] ==> ignore
    arg [cmTC_eafaf] ==> ignore
    arg [/usr/lib/gcc/armv7l-unknown-linux-gnueabihf/5.2.0/../../../crt1.o] ==> ignore
    arg [/usr/lib/gcc/armv7l-unknown-linux-gnueabihf/5.2.0/../../../crti.o] ==> ignore
    arg [/usr/lib/gcc/armv7l-unknown-linux-gnueabihf/5.2.0/crtbegin.o] ==> ignore
    arg [-L/usr/lib/gcc/armv7l-unknown-linux-gnueabihf/5.2.0] ==> dir [/usr/lib/gcc/armv7l-unknown-linux-gnueabihf/5.2.0]
    arg [-L/usr/lib/gcc/armv7l-unknown-linux-gnueabihf/5.2.0/../../..] ==> dir [/usr/lib/gcc/armv7l-unknown-linux-gnueabihf/5.2.0/../../..]
    arg [CMakeFiles/cmTC_eafaf.dir/CMakeCCompilerABI.c.o] ==> ignore
    arg [-lgcc] ==> lib [gcc]
    arg [--as-needed] ==> ignore
    arg [-lgcc_s] ==> lib [gcc_s]
    arg [--no-as-needed] ==> ignore
    arg [-lc] ==> lib [c]
    arg [-lgcc] ==> lib [gcc]
    arg [--as-needed] ==> ignore
    arg [-lgcc_s] ==> lib [gcc_s]
    arg [--no-as-needed] ==> ignore
    arg [/usr/lib/gcc/armv7l-unknown-linux-gnueabihf/5.2.0/crtend.o] ==> ignore
    arg [/usr/lib/gcc/armv7l-unknown-linux-gnueabihf/5.2.0/../../../crtn.o] ==> ignore
  remove lib [gcc]
  remove lib [gcc_s]
  remove lib [gcc]
  remove lib [gcc_s]
  collapse library dir [/usr/lib/gcc/armv7l-unknown-linux-gnueabihf/5.2.0] ==> [/usr/lib/gcc/armv7l-unknown-linux-gnueabihf/5.2.0]
  collapse library dir [/usr/lib/gcc/armv7l-unknown-linux-gnueabihf/5.2.0/../../..] ==> [/usr/lib]
  implicit libs: [c]
  implicit dirs: [/usr/lib/gcc/armv7l-unknown-linux-gnueabihf/5.2.0;/usr/lib]
  implicit fwks: []




Detecting C [-std=c11] compiler features compiled with the following output:
Change Dir: /home/cvproject/NestCAM/modules/vision/build/CMakeFiles/CMakeTmp

Run Build Command:"/usr/bin/make" "cmTC_7e99f/fast"
/usr/bin/make -f CMakeFiles/cmTC_7e99f.dir/build.make CMakeFiles/cmTC_7e99f.dir/build
make[1]: Entering directory '/home/cvproject/NestCAM/modules/vision/build/CMakeFiles/CMakeTmp'
Building C object CMakeFiles/cmTC_7e99f.dir/feature_tests.c.o
/usr/bin/cc   -std=c11 -o CMakeFiles/cmTC_7e99f.dir/feature_tests.c.o   -c /home/cvproject/NestCAM/modules/vision/build/CMakeFiles/feature_tests.c
Linking C executable cmTC_7e99f
/usr/bin/cmake -E cmake_link_script CMakeFiles/cmTC_7e99f.dir/link.txt --verbose=1
/usr/bin/cc       CMakeFiles/cmTC_7e99f.dir/feature_tests.c.o  -o cmTC_7e99f -rdynamic 
make[1]: Leaving directory '/home/cvproject/NestCAM/modules/vision/build/CMakeFiles/CMakeTmp'


    Feature record: C_FEATURE:1c_function_prototypes
    Feature record: C_FEATURE:1c_restrict
    Feature record: C_FEATURE:1c_static_assert
    Feature record: C_FEATURE:1c_variadic_macros


Detecting C [-std=c99] compiler features compiled with the following output:
Change Dir: /home/cvproject/NestCAM/modules/vision/build/CMakeFiles/CMakeTmp

Run Build Command:"/usr/bin/make" "cmTC_b1bf6/fast"
/usr/bin/make -f CMakeFiles/cmTC_b1bf6.dir/build.make CMakeFiles/cmTC_b1bf6.dir/build
make[1]: Entering directory '/home/cvproject/NestCAM/modules/vision/build/CMakeFiles/CMakeTmp'
Building C object CMakeFiles/cmTC_b1bf6.dir/feature_tests.c.o
/usr/bin/cc   -std=c99 -o CMakeFiles/cmTC_b1bf6.dir/feature_tests.c.o   -c /home/cvproject/NestCAM/modules/vision/build/CMakeFiles/feature_tests.c
Linking C executable cmTC_b1bf6
/usr/bin/cmake -E cmake_link_script CMakeFiles/cmTC_b1bf6.dir/link.txt --verbose=1
/usr/bin/cc       CMakeFiles/cmTC_b1bf6.dir/feature_tests.c.o  -o cmTC_b1bf6 -rdynamic 
make[1]: Leaving directory '/home/cvproject/NestCAM/modules/vision/build/CMakeFiles/CMakeTmp'


    Feature record: C_FEATURE:1c_function_prototypes
    Feature record: C_FEATURE:1c_restrict
    Feature record: C_FEATURE:0c_static_assert
    Feature record: C_FEATURE:1c_variadic_macros


Detecting C [-std=c90] compiler features compiled with the following output:
Change Dir: /home/cvproject/NestCAM/modules/vision/build/CMakeFiles/CMakeTmp

Run Build Command:"/usr/bin/make" "cmTC_ab893/fast"
/usr/bin/make -f CMakeFiles/cmTC_ab893.dir/build.make CMakeFiles/cmTC_ab893.dir/build
make[1]: Entering directory '/home/cvproject/NestCAM/modules/vision/build/CMakeFiles/CMakeTmp'
Building C object CMakeFiles/cmTC_ab893.dir/feature_tests.c.o
/usr/bin/cc   -std=c90 -o CMakeFiles/cmTC_ab893.dir/feature_tests.c.o   -c /home/cvproject/NestCAM/modules/vision/build/CMakeFiles/feature_tests.c
Linking C executable cmTC_ab893
/usr/bin/cmake -E cmake_link_script CMakeFiles/cmTC_ab893.dir/link.txt --verbose=1
/usr/bin/cc       CMakeFiles/cmTC_ab893.dir/feature_tests.c.o  -o cmTC_ab893 -rdynamic 
make[1]: Leaving directory '/home/cvproject/NestCAM/modules/vision/build/CMakeFiles/CMakeTmp'


    Feature record: C_FEATURE:1c_function_prototypes
    Feature record: C_FEATURE:0c_restrict
    Feature record: C_FEATURE:0c_static_assert
    Feature record: C_FEATURE:0c_variadic_macros
Determining if the CXX compiler works passed with the following output:
Change Dir: /home/cvproject/NestCAM/modules/vision/build/CMakeFiles/CMakeTmp

Run Build Command:"/usr/bin/make" "cmTC_22aba/fast"
/usr/bin/make -f CMakeFiles/cmTC_22aba.dir/build.make CMakeFiles/cmTC_22aba.dir/build
make[1]: Entering directory '/home/cvproject/NestCAM/modules/vision/build/CMakeFiles/CMakeTmp'
Building CXX object CMakeFiles/cmTC_22aba.dir/testCXXCompiler.cxx.o
/usr/bin/c++     -o CMakeFiles/cmTC_22aba.dir/testCXXCompiler.cxx.o -c /home/cvproject/NestCAM/modules/vision/build/CMakeFiles/CMakeTmp/testCXXCompiler.cxx
Linking CXX executable cmTC_22aba
/usr/bin/cmake -E cmake_link_script CMakeFiles/cmTC_22aba.dir/link.txt --verbose=1
/usr/bin/c++        CMakeFiles/cmTC_22aba.dir/testCXXCompiler.cxx.o  -o cmTC_22aba -rdynamic 
make[1]: Leaving directory '/home/cvproject/NestCAM/modules/vision/build/CMakeFiles/CMakeTmp'


Detecting CXX compiler ABI info compiled with the following output:
Change Dir: /home/cvproject/NestCAM/modules/vision/build/CMakeFiles/CMakeTmp

Run Build Command:"/usr/bin/make" "cmTC_48763/fast"
/usr/bin/make -f CMakeFiles/cmTC_48763.dir/build.make CMakeFiles/cmTC_48763.dir/build
make[1]: Entering directory '/home/cvproject/NestCAM/modules/vision/build/CMakeFiles/CMakeTmp'
Building CXX object CMakeFiles/cmTC_48763.dir/CMakeCXXCompilerABI.cpp.o
/usr/bin/c++     -o CMakeFiles/cmTC_48763.dir/CMakeCXXCompilerABI.cpp.o -c /usr/share/cmake-3.3/Modules/CMakeCXXCompilerABI.cpp
Linking CXX executable cmTC_48763
/usr/bin/cmake -E cmake_link_script CMakeFiles/cmTC_48763.dir/link.txt --verbose=1
/usr/bin/c++       -v CMakeFiles/cmTC_48763.dir/CMakeCXXCompilerABI.cpp.o  -o cmTC_48763 -rdynamic  
Using built-in specs.
COLLECT_GCC=/usr/bin/c++
COLLECT_LTO_WRAPPER=/usr/lib/gcc/armv7l-unknown-linux-gnueabihf/5.2.0/lto-wrapper
Target: armv7l-unknown-linux-gnueabihf
Configured with: /build/gcc/src/gcc-5.2.0/configure --prefix=/usr --libdir=/usr/lib --libexecdir=/usr/lib --mandir=/usr/share/man --infodir=/usr/share/info --with-bugurl=https://github.com/archlinuxarm/PKGBUILDs/issues --enable-languages=c,c++,fortran,go,lto,objc,obj-c++ --enable-shared --enable-threads=posix --with-system-zlib --with-isl --enable-__cxa_atexit --disable-libunwind-exceptions --enable-clocale=gnu --disable-libstdcxx-pch --disable-libssp --enable-gnu-unique-object --enable-linker-build-id --enable-lto --enable-plugin --enable-install-libiberty --with-linker-hash-style=gnu --enable-gnu-indirect-function --disable-multilib --disable-werror --enable-checking=release --with-default-libstdcxx-abi=gcc4-compatible --host=armv7l-unknown-linux-gnueabihf --build=armv7l-unknown-linux-gnueabihf --with-arch=armv7-a --with-float=hard --with-fpu=vfpv3-d16
Thread model: posix
gcc version 5.2.0 (GCC) 
COMPILER_PATH=/usr/lib/gcc/armv7l-unknown-linux-gnueabihf/5.2.0/:/usr/lib/gcc/armv7l-unknown-linux-gnueabihf/5.2.0/:/usr/lib/gcc/armv7l-unknown-linux-gnueabihf/:/usr/lib/gcc/armv7l-unknown-linux-gnueabihf/5.2.0/:/usr/lib/gcc/armv7l-unknown-linux-gnueabihf/
LIBRARY_PATH=/usr/lib/gcc/armv7l-unknown-linux-gnueabihf/5.2.0/:/usr/lib/gcc/armv7l-unknown-linux-gnueabihf/5.2.0/../../../:/lib/:/usr/lib/
COLLECT_GCC_OPTIONS='-v' '-o' 'cmTC_48763' '-rdynamic' '-shared-libgcc' '-march=armv7-a' '-mfloat-abi=hard' '-mfpu=vfpv3-d16' '-mtls-dialect=gnu'
 /usr/lib/gcc/armv7l-unknown-linux-gnueabihf/5.2.0/collect2 -plugin /usr/lib/gcc/armv7l-unknown-linux-gnueabihf/5.2.0/liblto_plugin.so -plugin-opt=/usr/lib/gcc/armv7l-unknown-linux-gnueabihf/5.2.0/lto-wrapper -plugin-opt=-fresolution=/tmp/cclG3I4J.res -plugin-opt=-pass-through=-lgcc_s -plugin-opt=-pass-through=-lgcc -plugin-opt=-pass-through=-lc -plugin-opt=-pass-through=-lgcc_s -plugin-opt=-pass-through=-lgcc --build-id --eh-frame-hdr --hash-style=gnu -export-dynamic -dynamic-linker /lib/ld-linux-armhf.so.3 -X -m armelf_linux_eabi -o cmTC_48763 /usr/lib/gcc/armv7l-unknown-linux-gnueabihf/5.2.0/../../../crt1.o /usr/lib/gcc/armv7l-unknown-linux-gnueabihf/5.2.0/../../../crti.o /usr/lib/gcc/armv7l-unknown-linux-gnueabihf/5.2.0/crtbegin.o -L/usr/lib/gcc/armv7l-unknown-linux-gnueabihf/5.2.0 -L/usr/lib/gcc/armv7l-unknown-linux-gnueabihf/5.2.0/../../.. CMakeFiles/cmTC_48763.dir/CMakeCXXCompilerABI.cpp.o -lstdc++ -lm -lgcc_s -lgcc -lc -lgcc_s -lgcc /usr/lib/gcc/armv7l-unknown-linux-gnueabihf/5.2.0/crtend.o /usr/lib/gcc/armv7l-unknown-linux-gnueabihf/5.2.0/../../../crtn.o
make[1]: Leaving directory '/home/cvproject/NestCAM/modules/vision/build/CMakeFiles/CMakeTmp'


Parsed CXX implicit link information from above output:
  link line regex: [^( *|.*[/\])(ld|([^/\]+-)?ld|collect2)[^/\]*( |$)]
  ignore line: [Change Dir: /home/cvproject/NestCAM/modules/vision/build/CMakeFiles/CMakeTmp]
  ignore line: []
  ignore line: [Run Build Command:"/usr/bin/make" "cmTC_48763/fast"]
  ignore line: [/usr/bin/make -f CMakeFiles/cmTC_48763.dir/build.make CMakeFiles/cmTC_48763.dir/build]
  ignore line: [make[1]: Entering directory '/home/cvproject/NestCAM/modules/vision/build/CMakeFiles/CMakeTmp']
  ignore line: [Building CXX object CMakeFiles/cmTC_48763.dir/CMakeCXXCompilerABI.cpp.o]
  ignore line: [/usr/bin/c++     -o CMakeFiles/cmTC_48763.dir/CMakeCXXCompilerABI.cpp.o -c /usr/share/cmake-3.3/Modules/CMakeCXXCompilerABI.cpp]
  ignore line: [Linking CXX executable cmTC_48763]
  ignore line: [/usr/bin/cmake -E cmake_link_script CMakeFiles/cmTC_48763.dir/link.txt --verbose=1]
  ignore line: [/usr/bin/c++       -v CMakeFiles/cmTC_48763.dir/CMakeCXXCompilerABI.cpp.o  -o cmTC_48763 -rdynamic  ]
  ignore line: [Using built-in specs.]
  ignore line: [COLLECT_GCC=/usr/bin/c++]
  ignore line: [COLLECT_LTO_WRAPPER=/usr/lib/gcc/armv7l-unknown-linux-gnueabihf/5.2.0/lto-wrapper]
  ignore line: [Target: armv7l-unknown-linux-gnueabihf]
  ignore line: [Configured with: /build/gcc/src/gcc-5.2.0/configure --prefix=/usr --libdir=/usr/lib --libexecdir=/usr/lib --mandir=/usr/share/man --infodir=/usr/share/info --with-bugurl=https://github.com/archlinuxarm/PKGBUILDs/issues --enable-languages=c,c++,fortran,go,lto,objc,obj-c++ --enable-shared --enable-threads=posix --with-system-zlib --with-isl --enable-__cxa_atexit --disable-libunwind-exceptions --enable-clocale=gnu --disable-libstdcxx-pch --disable-libssp --enable-gnu-unique-object --enable-linker-build-id --enable-lto --enable-plugin --enable-install-libiberty --with-linker-hash-style=gnu --enable-gnu-indirect-function --disable-multilib --disable-werror --enable-checking=release --with-default-libstdcxx-abi=gcc4-compatible --host=armv7l-unknown-linux-gnueabihf --build=armv7l-unknown-linux-gnueabihf --with-arch=armv7-a --with-float=hard --with-fpu=vfpv3-d16]
  ignore line: [Thread model: posix]
  ignore line: [gcc version 5.2.0 (GCC) ]
  ignore line: [COMPILER_PATH=/usr/lib/gcc/armv7l-unknown-linux-gnueabihf/5.2.0/:/usr/lib/gcc/armv7l-unknown-linux-gnueabihf/5.2.0/:/usr/lib/gcc/armv7l-unknown-linux-gnueabihf/:/usr/lib/gcc/armv7l-unknown-linux-gnueabihf/5.2.0/:/usr/lib/gcc/armv7l-unknown-linux-gnueabihf/]
  ignore line: [LIBRARY_PATH=/usr/lib/gcc/armv7l-unknown-linux-gnueabihf/5.2.0/:/usr/lib/gcc/armv7l-unknown-linux-gnueabihf/5.2.0/../../../:/lib/:/usr/lib/]
  ignore line: [COLLECT_GCC_OPTIONS='-v' '-o' 'cmTC_48763' '-rdynamic' '-shared-libgcc' '-march=armv7-a' '-mfloat-abi=hard' '-mfpu=vfpv3-d16' '-mtls-dialect=gnu']
  link line: [ /usr/lib/gcc/armv7l-unknown-linux-gnueabihf/5.2.0/collect2 -plugin /usr/lib/gcc/armv7l-unknown-linux-gnueabihf/5.2.0/liblto_plugin.so -plugin-opt=/usr/lib/gcc/armv7l-unknown-linux-gnueabihf/5.2.0/lto-wrapper -plugin-opt=-fresolution=/tmp/cclG3I4J.res -plugin-opt=-pass-through=-lgcc_s -plugin-opt=-pass-through=-lgcc -plugin-opt=-pass-through=-lc -plugin-opt=-pass-through=-lgcc_s -plugin-opt=-pass-through=-lgcc --build-id --eh-frame-hdr --hash-style=gnu -export-dynamic -dynamic-linker /lib/ld-linux-armhf.so.3 -X -m armelf_linux_eabi -o cmTC_48763 /usr/lib/gcc/armv7l-unknown-linux-gnueabihf/5.2.0/../../../crt1.o /usr/lib/gcc/armv7l-unknown-linux-gnueabihf/5.2.0/../../../crti.o /usr/lib/gcc/armv7l-unknown-linux-gnueabihf/5.2.0/crtbegin.o -L/usr/lib/gcc/armv7l-unknown-linux-gnueabihf/5.2.0 -L/usr/lib/gcc/armv7l-unknown-linux-gnueabihf/5.2.0/../../.. CMakeFiles/cmTC_48763.dir/CMakeCXXCompilerABI.cpp.o -lstdc++ -lm -lgcc_s -lgcc -lc -lgcc_s -lgcc /usr/lib/gcc/armv7l-unknown-linux-gnueabihf/5.2.0/crtend.o /usr/lib/gcc/armv7l-unknown-linux-gnueabihf/5.2.0/../../../crtn.o]
    arg [/usr/lib/gcc/armv7l-unknown-linux-gnueabihf/5.2.0/collect2] ==> ignore
    arg [-plugin] ==> ignore
    arg [/usr/lib/gcc/armv7l-unknown-linux-gnueabihf/5.2.0/liblto_plugin.so] ==> ignore
    arg [-plugin-opt=/usr/lib/gcc/armv7l-unknown-linux-gnueabihf/5.2.0/lto-wrapper] ==> ignore
    arg [-plugin-opt=-fresolution=/tmp/cclG3I4J.res] ==> ignore
    arg [-plugin-opt=-pass-through=-lgcc_s] ==> ignore
    arg [-plugin-opt=-pass-through=-lgcc] ==> ignore
    arg [-plugin-opt=-pass-through=-lc] ==> ignore
    arg [-plugin-opt=-pass-through=-lgcc_s] ==> ignore
    arg [-plugin-opt=-pass-through=-lgcc] ==> ignore
    arg [--build-id] ==> ignore
    arg [--eh-frame-hdr] ==> ignore
    arg [--hash-style=gnu] ==> ignore
    arg [-export-dynamic] ==> ignore
    arg [-dynamic-linker] ==> ignore
    arg [/lib/ld-linux-armhf.so.3] ==> ignore
    arg [-X] ==> ignore
    arg [-m] ==> ignore
    arg [armelf_linux_eabi] ==> ignore
    arg [-o] ==> ignore
    arg [cmTC_48763] ==> ignore
    arg [/usr/lib/gcc/armv7l-unknown-linux-gnueabihf/5.2.0/../../../crt1.o] ==> ignore
    arg [/usr/lib/gcc/armv7l-unknown-linux-gnueabihf/5.2.0/../../../crti.o] ==> ignore
    arg [/usr/lib/gcc/armv7l-unknown-linux-gnueabihf/5.2.0/crtbegin.o] ==> ignore
    arg [-L/usr/lib/gcc/armv7l-unknown-linux-gnueabihf/5.2.0] ==> dir [/usr/lib/gcc/armv7l-unknown-linux-gnueabihf/5.2.0]
    arg [-L/usr/lib/gcc/armv7l-unknown-linux-gnueabihf/5.2.0/../../..] ==> dir [/usr/lib/gcc/armv7l-unknown-linux-gnueabihf/5.2.0/../../..]
    arg [CMakeFiles/cmTC_48763.dir/CMakeCXXCompilerABI.cpp.o] ==> ignore
    arg [-lstdc++] ==> lib [stdc++]
    arg [-lm] ==> lib [m]
    arg [-lgcc_s] ==> lib [gcc_s]
    arg [-lgcc] ==> lib [gcc]
    arg [-lc] ==> lib [c]
    arg [-lgcc_s] ==> lib [gcc_s]
    arg [-lgcc] ==> lib [gcc]
    arg [/usr/lib/gcc/armv7l-unknown-linux-gnueabihf/5.2.0/crtend.o] ==> ignore
    arg [/usr/lib/gcc/armv7l-unknown-linux-gnueabihf/5.2.0/../../../crtn.o] ==> ignore
  remove lib [gcc_s]
  remove lib [gcc]
  remove lib [gcc_s]
  remove lib [gcc]
  collapse library dir [/usr/lib/gcc/armv7l-unknown-linux-gnueabihf/5.2.0] ==> [/usr/lib/gcc/armv7l-unknown-linux-gnueabihf/5.2.0]
  collapse library dir [/usr/lib/gcc/armv7l-unknown-linux-gnueabihf/5.2.0/../../..] ==> [/usr/lib]
  implicit libs: [stdc++;m;c]
  implicit dirs: [/usr/lib/gcc/armv7l-unknown-linux-gnueabihf/5.2.0;/usr/lib]
  implicit fwks: []




Detecting CXX [-std=c++14] compiler features compiled with the following output:
Change Dir: /home/cvproject/NestCAM/modules/vision/build/CMakeFiles/CMakeTmp

Run Build Command:"/usr/bin/make" "cmTC_12783/fast"
/usr/bin/make -f CMakeFiles/cmTC_12783.dir/build.make CMakeFiles/cmTC_12783.dir/build
make[1]: Entering directory '/home/cvproject/NestCAM/modules/vision/build/CMakeFiles/CMakeTmp'
Building CXX object CMakeFiles/cmTC_12783.dir/feature_tests.cxx.o
/usr/bin/c++    -std=c++14 -o CMakeFiles/cmTC_12783.dir/feature_tests.cxx.o -c /home/cvproject/NestCAM/modules/vision/build/CMakeFiles/feature_tests.cxx
Linking CXX executable cmTC_12783
/usr/bin/cmake -E cmake_link_script CMakeFiles/cmTC_12783.dir/link.txt --verbose=1
/usr/bin/c++        CMakeFiles/cmTC_12783.dir/feature_tests.cxx.o  -o cmTC_12783 -rdynamic 
make[1]: Leaving directory '/home/cvproject/NestCAM/modules/vision/build/CMakeFiles/CMakeTmp'


    Feature record: CXX_FEATURE:1cxx_aggregate_default_initializers
    Feature record: CXX_FEATURE:1cxx_alias_templates
    Feature record: CXX_FEATURE:1cxx_alignas
    Feature record: CXX_FEATURE:1cxx_alignof
    Feature record: CXX_FEATURE:1cxx_attributes
    Feature record: CXX_FEATURE:1cxx_attribute_deprecated
    Feature record: CXX_FEATURE:1cxx_auto_type
    Feature record: CXX_FEATURE:1cxx_binary_literals
    Feature record: CXX_FEATURE:1cxx_constexpr
    Feature record: CXX_FEATURE:1cxx_contextual_conversions
    Feature record: CXX_FEATURE:1cxx_decltype
    Feature record: CXX_FEATURE:1cxx_decltype_auto
    Feature record: CXX_FEATURE:1cxx_decltype_incomplete_return_types
    Feature record: CXX_FEATURE:1cxx_default_function_template_args
    Feature record: CXX_FEATURE:1cxx_defaulted_functions
    Feature record: CXX_FEATURE:1cxx_defaulted_move_initializers
    Feature record: CXX_FEATURE:1cxx_delegating_constructors
    Feature record: CXX_FEATURE:1cxx_deleted_functions
    Feature record: CXX_FEATURE:1cxx_digit_separators
    Feature record: CXX_FEATURE:1cxx_enum_forward_declarations
    Feature record: CXX_FEATURE:1cxx_explicit_conversions
    Feature record: CXX_FEATURE:1cxx_extended_friend_declarations
    Feature record: CXX_FEATURE:1cxx_extern_templates
    Feature record: CXX_FEATURE:1cxx_final
    Feature record: CXX_FEATURE:1cxx_func_identifier
    Feature record: CXX_FEATURE:1cxx_generalized_initializers
    Feature record: CXX_FEATURE:1cxx_generic_lambdas
    Feature record: CXX_FEATURE:1cxx_inheriting_constructors
    Feature record: CXX_FEATURE:1cxx_inline_namespaces
    Feature record: CXX_FEATURE:1cxx_lambdas
    Feature record: CXX_FEATURE:1cxx_lambda_init_captures
    Feature record: CXX_FEATURE:1cxx_local_type_template_args
    Feature record: CXX_FEATURE:1cxx_long_long_type
    Feature record: CXX_FEATURE:1cxx_noexcept
    Feature record: CXX_FEATURE:1cxx_nonstatic_member_init
    Feature record: CXX_FEATURE:1cxx_nullptr
    Feature record: CXX_FEATURE:1cxx_override
    Feature record: CXX_FEATURE:1cxx_range_for
    Feature record: CXX_FEATURE:1cxx_raw_string_literals
    Feature record: CXX_FEATURE:1cxx_reference_qualified_functions
    Feature record: CXX_FEATURE:1cxx_relaxed_constexpr
    Feature record: CXX_FEATURE:1cxx_return_type_deduction
    Feature record: CXX_FEATURE:1cxx_right_angle_brackets
    Feature record: CXX_FEATURE:1cxx_rvalue_references
    Feature record: CXX_FEATURE:1cxx_sizeof_member
    Feature record: CXX_FEATURE:1cxx_static_assert
    Feature record: CXX_FEATURE:1cxx_strong_enums
    Feature record: CXX_FEATURE:1cxx_template_template_parameters
    Feature record: CXX_FEATURE:1cxx_thread_local
    Feature record: CXX_FEATURE:1cxx_trailing_return_types
    Feature record: CXX_FEATURE:1cxx_unicode_literals
    Feature record: CXX_FEATURE:1cxx_uniform_initialization
    Feature record: CXX_FEATURE:1cxx_unrestricted_unions
    Feature record: CXX_FEATURE:1cxx_user_literals
    Feature record: CXX_FEATURE:1cxx_variable_templates
    Feature record: CXX_FEATURE:1cxx_variadic_macros
    Feature record: CXX_FEATURE:1cxx_variadic_templates


Detecting CXX [-std=c++11] compiler features compiled with the following output:
Change Dir: /home/cvproject/NestCAM/modules/vision/build/CMakeFiles/CMakeTmp

Run Build Command:"/usr/bin/make" "cmTC_0ee83/fast"
/usr/bin/make -f CMakeFiles/cmTC_0ee83.dir/build.make CMakeFiles/cmTC_0ee83.dir/build
make[1]: Entering directory '/home/cvproject/NestCAM/modules/vision/build/CMakeFiles/CMakeTmp'
Building CXX object CMakeFiles/cmTC_0ee83.dir/feature_tests.cxx.o
/usr/bin/c++    -std=c++11 -o CMakeFiles/cmTC_0ee83.dir/feature_tests.cxx.o -c /home/cvproject/NestCAM/modules/vision/build/CMakeFiles/feature_tests.cxx
Linking CXX executable cmTC_0ee83
/usr/bin/cmake -E cmake_link_script CMakeFiles/cmTC_0ee83.dir/link.txt --verbose=1
/usr/bin/c++        CMakeFiles/cmTC_0ee83.dir/feature_tests.cxx.o  -o cmTC_0ee83 -rdynamic 
make[1]: Leaving directory '/home/cvproject/NestCAM/modules/vision/build/CMakeFiles/CMakeTmp'


    Feature record: CXX_FEATURE:0cxx_aggregate_default_initializers
    Feature record: CXX_FEATURE:1cxx_alias_templates
    Feature record: CXX_FEATURE:1cxx_alignas
    Feature record: CXX_FEATURE:1cxx_alignof
    Feature record: CXX_FEATURE:1cxx_attributes
    Feature record: CXX_FEATURE:0cxx_attribute_deprecated
    Feature record: CXX_FEATURE:1cxx_auto_type
    Feature record: CXX_FEATURE:0cxx_binary_literals
    Feature record: CXX_FEATURE:1cxx_constexpr
    Feature record: CXX_FEATURE:0cxx_contextual_conversions
    Feature record: CXX_FEATURE:1cxx_decltype
    Feature record: CXX_FEATURE:0cxx_decltype_auto
    Feature record: CXX_FEATURE:1cxx_decltype_incomplete_return_types
    Feature record: CXX_FEATURE:1cxx_default_function_template_args
    Feature record: CXX_FEATURE:1cxx_defaulted_functions
    Feature record: CXX_FEATURE:1cxx_defaulted_move_initializers
    Feature record: CXX_FEATURE:1cxx_delegating_constructors
    Feature record: CXX_FEATURE:1cxx_deleted_functions
    Feature record: CXX_FEATURE:0cxx_digit_separators
    Feature record: CXX_FEATURE:1cxx_enum_forward_declarations
    Feature record: CXX_FEATURE:1cxx_explicit_conversions
    Feature record: CXX_FEATURE:1cxx_extended_friend_declarations
    Feature record: CXX_FEATURE:1cxx_extern_templates
    Feature record: CXX_FEATURE:1cxx_final
    Feature record: CXX_FEATURE:1cxx_func_identifier
    Feature record: CXX_FEATURE:1cxx_generalized_initializers
    Feature record: CXX_FEATURE:0cxx_generic_lambdas
    Feature record: CXX_FEATURE:1cxx_inheriting_constructors
    Feature record: CXX_FEATURE:1cxx_inline_namespaces
    Feature record: CXX_FEATURE:1cxx_lambdas
    Feature record: CXX_FEATURE:0cxx_lambda_init_captures
    Feature record: CXX_FEATURE:1cxx_local_type_template_args
    Feature record: CXX_FEATURE:1cxx_long_long_type
    Feature record: CXX_FEATURE:1cxx_noexcept
    Feature record: CXX_FEATURE:1cxx_nonstatic_member_init
    Feature record: CXX_FEATURE:1cxx_nullptr
    Feature record: CXX_FEATURE:1cxx_override
    Feature record: CXX_FEATURE:1cxx_range_for
    Feature record: CXX_FEATURE:1cxx_raw_string_literals
    Feature record: CXX_FEATURE:1cxx_reference_qualified_functions
    Feature record: CXX_FEATURE:0cxx_relaxed_constexpr
    Feature record: CXX_FEATURE:0cxx_return_type_deduction
    Feature record: CXX_FEATURE:1cxx_right_angle_brackets
    Feature record: CXX_FEATURE:1cxx_rvalue_references
    Feature record: CXX_FEATURE:1cxx_sizeof_member
    Feature record: CXX_FEATURE:1cxx_static_assert
    Feature record: CXX_FEATURE:1cxx_strong_enums
    Feature record: CXX_FEATURE:1cxx_template_template_parameters
    Feature record: CXX_FEATURE:1cxx_thread_local
    Feature record: CXX_FEATURE:1cxx_trailing_return_types
    Feature record: CXX_FEATURE:1cxx_unicode_literals
    Feature record: CXX_FEATURE:1cxx_uniform_initialization
    Feature record: CXX_FEATURE:1cxx_unrestricted_unions
    Feature record: CXX_FEATURE:1cxx_user_literals
    Feature record: CXX_FEATURE:0cxx_variable_templates
    Feature record: CXX_FEATURE:1cxx_variadic_macros
    Feature record: CXX_FEATURE:1cxx_variadic_templates


Detecting CXX [-std=c++98] compiler features compiled with the following output:
Change Dir: /home/cvproject/NestCAM/modules/vision/build/CMakeFiles/CMakeTmp

Run Build Command:"/usr/bin/make" "cmTC_98ea9/fast"
/usr/bin/make -f CMakeFiles/cmTC_98ea9.dir/build.make CMakeFiles/cmTC_98ea9.dir/build
make[1]: Entering directory '/home/cvproject/NestCAM/modules/vision/build/CMakeFiles/CMakeTmp'
Building CXX object CMakeFiles/cmTC_98ea9.dir/feature_tests.cxx.o
/usr/bin/c++    -std=c++98 -o CMakeFiles/cmTC_98ea9.dir/feature_tests.cxx.o -c /home/cvproject/NestCAM/modules/vision/build/CMakeFiles/feature_tests.cxx
Linking CXX executable cmTC_98ea9
/usr/bin/cmake -E cmake_link_script CMakeFiles/cmTC_98ea9.dir/link.txt --verbose=1
/usr/bin/c++        CMakeFiles/cmTC_98ea9.dir/feature_tests.cxx.o  -o cmTC_98ea9 -rdynamic 
make[1]: Leaving directory '/home/cvproject/NestCAM/modules/vision/build/CMakeFiles/CMakeTmp'


    Feature record: CXX_FEATURE:0cxx_aggregate_default_initializers
    Feature record: CXX_FEATURE:0cxx_alias_templates
    Feature record: CXX_FEATURE:0cxx_alignas
    Feature record: CXX_FEATURE:0cxx_alignof
    Feature record: CXX_FEATURE:0cxx_attributes
    Feature record: CXX_FEATURE:0cxx_attribute_deprecated
    Feature record: CXX_FEATURE:0cxx_auto_type
    Feature record: CXX_FEATURE:0cxx_binary_literals
    Feature record: CXX_FEATURE:0cxx_constexpr
    Feature record: CXX_FEATURE:0cxx_contextual_conversions
    Feature record: CXX_FEATURE:0cxx_decltype
    Feature record: CXX_FEATURE:0cxx_decltype_auto
    Feature record: CXX_FEATURE:0cxx_decltype_incomplete_return_types
    Feature record: CXX_FEATURE:0cxx_default_function_template_args
    Feature record: CXX_FEATURE:0cxx_defaulted_functions
    Feature record: CXX_FEATURE:0cxx_defaulted_move_initializers
    Feature record: CXX_FEATURE:0cxx_delegating_constructors
    Feature record: CXX_FEATURE:0cxx_deleted_functions
    Feature record: CXX_FEATURE:0cxx_digit_separators
    Feature record: CXX_FEATURE:0cxx_enum_forward_declarations
    Feature record: CXX_FEATURE:0cxx_explicit_conversions
    Feature record: CXX_FEATURE:0cxx_extended_friend_declarations
    Feature record: CXX_FEATURE:0cxx_extern_templates
    Feature record: CXX_FEATURE:0cxx_final
    Feature record: CXX_FEATURE:0cxx_func_identifier
    Feature record: CXX_FEATURE:0cxx_generalized_initializers
    Feature record: CXX_FEATURE:0cxx_generic_lambdas
    Feature record: CXX_FEATURE:0cxx_inheriting_constructors
    Feature record: CXX_FEATURE:0cxx_inline_namespaces
    Feature record: CXX_FEATURE:0cxx_lambdas
    Feature record: CXX_FEATURE:0cxx_lambda_init_captures
    Feature record: CXX_FEATURE:0cxx_local_type_template_args
    Feature record: CXX_FEATURE:0cxx_long_long_type
    Feature record: CXX_FEATURE:0cxx_noexcept
    Feature record: CXX_FEATURE:0cxx_nonstatic_member_init
    Feature record: CXX_FEATURE:0cxx_nullptr
    Feature record: CXX_FEATURE:0cxx_override
    Feature record: CXX_FEATURE:0cxx_range_for
    Feature record: CXX_FEATURE:0cxx_raw_string_literals
    Feature record: CXX_FEATURE:0cxx_reference_qualified_functions
    Feature record: CXX_FEATURE:0cxx_relaxed_constexpr
    Feature record: CXX_FEATURE:0cxx_return_type_deduction
    Feature record: CXX_FEATURE:0cxx_right_angle_brackets
    Feature record: CXX_FEATURE:0cxx_rvalue_references
    Feature record: CXX_FEATURE:0cxx_sizeof_member
    Feature record: CXX_FEATURE:0cxx_static_assert
    Feature record: CXX_FEATURE:0cxx_strong_enums
    Feature record: CXX_FEATURE:1cxx_template_template_parameters
    Feature record: CXX_FEATURE:0cxx_thread_local
    Feature record: CXX_FEATURE:0cxx_trailing_return_types
    Feature record: CXX_FEATURE:0cxx_unicode_literals
    Feature record: CXX_FEATURE:0cxx_uniform_initialization
    Feature record: CXX_FEATURE:0cxx_unrestricted_unions
    Feature record: CXX_FEATURE:0cxx_user_literals
    Feature record: CXX_FEATURE:0cxx_variable_templates
    Feature record: CXX_FEATURE:0cxx_variadic_macros
    Feature record: CXX_FEATURE:0cxx_variadic_templates
